account-manager-example/app/build/outputs/logs/manifest-merger-debug-report.txt
-- Merging decision tree log ---
manifest
ADDED from src\main\AndroidManifest.xml:2:1-41:12
	package
		ADDED from src\main\AndroidManifest.xml:3:2-46
		INJECTED from src\main\AndroidManifest.xml
		INJECTED from src\main\AndroidManifest.xml
	android:versionName
		ADDED from src\main\AndroidManifest.xml:3:71-96
		INJECTED from src\main\AndroidManifest.xml
		INJECTED from src\main\AndroidManifest.xml
	android:versionCode
		ADDED from src\main\AndroidManifest.xml:3:47-70
		INJECTED from src\main\AndroidManifest.xml
		INJECTED from src\main\AndroidManifest.xml
	xmlns:android
		ADDED from src\main\AndroidManifest.xml:2:11-69
uses-sdk
ADDED from src\main\AndroidManifest.xml:5:2-41
	android:targetSdkVersion
		INJECTED from src\main\AndroidManifest.xml
		INJECTED from src\main\AndroidManifest.xml
	android:minSdkVersion
		ADDED from src\main\AndroidManifest.xml:5:12-38
		INJECTED from src\main\AndroidManifest.xml
		INJECTED from src\main\AndroidManifest.xml
uses-permission#android.permission.GET_ACCOUNTS
ADDED from src\main\AndroidManifest.xml:6:2-68
	android:name
		ADDED from src\main\AndroidManifest.xml:6:19-65
uses-permission#android.permission.USE_CREDENTIALS
ADDED from src\main\AndroidManifest.xml:7:2-71
	android:name
		ADDED from src\main\AndroidManifest.xml:7:19-68
uses-permission#android.permission.MANAGE_ACCOUNTS
ADDED from src\main\AndroidManifest.xml:8:2-71
	android:name
		ADDED from src\main\AndroidManifest.xml:8:19-68
uses-permission#android.permission.AUTHENTICATE_ACCOUNTS
ADDED from src\main\AndroidManifest.xml:9:2-77
	android:name
		ADDED from src\main\AndroidManifest.xml:9:19-74
uses-permission#android.permission.INTERNET
ADDED from src\main\AndroidManifest.xml:10:2-64
	android:name
		ADDED from src\main\AndroidManifest.xml:10:19-61
uses-permission#android.permission.WRITE_SETTINGS
ADDED from src\main\AndroidManifest.xml:11:2-70
	android:name
		ADDED from src\main\AndroidManifest.xml:11:19-67
uses-permission#android.permission.WRITE_SECURE_SETTINGS
ADDED from src\main\AndroidManifest.xml:12:2-77
	android:name
		ADDED from src\main\AndroidManifest.xml:12:19-74
uses-permission#android.permission.READ_CONTACTS
ADDED from src\main\AndroidManifest.xml:13:2-69
	android:name
		ADDED from src\main\AndroidManifest.xml:13:19-66
uses-permission#android.permission.WRITE_CONTACTS
ADDED from src\main\AndroidManifest.xml:14:2-70
	android:name
		ADDED from src\main\AndroidManifest.xml:14:19-67
uses-permission#android.permission.READ_SYNC_STATS
ADDED from src\main\AndroidManifest.xml:15:2-71
	android:name
		ADDED from src\main\AndroidManifest.xml:15:19-68
uses-permission#android.permission.READ_SYNC_SETTINGS
ADDED from src\main\AndroidManifest.xml:16:2-74
	android:name
		ADDED from src\main\AndroidManifest.xml:16:19-71
uses-permission#android.permission.WRITE_SYNC_SETTINGS
ADDED from src\main\AndroidManifest.xml:17:2-75
	android:name
		ADDED from src\main\AndroidManifest.xml:17:19-72
uses-permission#android.permission.READ_SOCIAL_STREAM
ADDED from src\main\AndroidManifest.xml:18:2-74
	android:name
		ADDED from src\main\AndroidManifest.xml:18:19-71
uses-permission#android.permission.WRITE_SOCIAL_STREAM
ADDED from src\main\AndroidManifest.xml:19:2-75
	android:name
		ADDED from src\main\AndroidManifest.xml:19:19-72
application
ADDED from src\main\AndroidManifest.xml:20:2-40:16
	android:label
		ADDED from src\main\AndroidManifest.xml:20:52-84
	android:icon
		ADDED from src\main\AndroidManifest.xml:20:15-51
activity#net.yuki24.examples.AccountManager.AccountManagerExampleActivity
ADDED from src\main\AndroidManifest.xml:21:3-26:14
	android:label
		ADDED from src\main\AndroidManifest.xml:21:59-91
	android:name
		ADDED from src\main\AndroidManifest.xml:21:13-58
intent-filter#android.intent.action.MAIN+android.intent.category.LAUNCHER
ADDED from src\main\AndroidManifest.xml:22:4-25:20
action#android.intent.action.MAIN
ADDED from src\main\AndroidManifest.xml:23:5-57
	android:name
		ADDED from src\main\AndroidManifest.xml:23:13-54
category#android.intent.category.LAUNCHER
ADDED from src\main\AndroidManifest.xml:24:5-65
	android:name
		ADDED from src\main\AndroidManifest.xml:24:15-62
service#net.yuki24.examples.AccountManager.core.ExampleAuthenticatationService
ADDED from src\main\AndroidManifest.xml:27:3-32:13
	android:process
		ADDED from src\main\AndroidManifest.xml:27:64-87
	android:name
		ADDED from src\main\AndroidManifest.xml:27:12-63
intent-filter#android.accounts.AccountAuthenticator
ADDED from src\main\AndroidManifest.xml:28:4-30:20
action#android.accounts.AccountAuthenticator
ADDED from src\main\AndroidManifest.xml:29:5-68
	android:name
		ADDED from src\main\AndroidManifest.xml:29:13-65
meta-data#android.accounts.AccountAuthenticator
ADDED from src\main\AndroidManifest.xml:31:4-108
	android:resource
		ADDED from src\main\AndroidManifest.xml:31:68-105
	android:name
		ADDED from src\main\AndroidManifest.xml:31:15-67
service#net.yuki24.examples.AccountManager.core.ContactsSyncAdapterService
ADDED from src\main\AndroidManifest.xml:33:3-39:13
	android:process
		ADDED from src\main\AndroidManifest.xml:33:84-111
	android:exported
		ADDED from src\main\AndroidManifest.xml:33:60-83
	android:name
		ADDED from src\main\AndroidManifest.xml:33:12-59
intent-filter#android.content.SyncAdapter
ADDED from src\main\AndroidManifest.xml:34:4-36:20
action#android.content.SyncAdapter
ADDED from src\main\AndroidManifest.xml:35:5-58
	android:name
		ADDED from src\main\AndroidManifest.xml:35:13-55
meta-data#android.content.SyncAdapter
ADDED from src\main\AndroidManifest.xml:37:4-96
	android:resource
		ADDED from src\main\AndroidManifest.xml:37:58-93
	android:name
		ADDED from src\main\AndroidManifest.xml:37:15-57
meta-data#android.provider.CONTACTS_STRUCTURE
ADDED from src\main\AndroidManifest.xml:38:4-101
	android:resource
		ADDED from src\main\AndroidManifest.xml:38:66-98
	android:name
		ADDED from src\main\AndroidManifest.xml:38:15-65